2024-06-25T11:37:54.662+07:00  INFO 8300 --- [hospital-app] [main] com.bootcamp.HospitalAppApplication      : Starting HospitalAppApplication using Java 22.0.1 with PID 8300 (C:\Users\Nikolaus Rio Saputra\Downloads\UTS Phincon Project\hospital-app\target\classes started by Nikolaus Rio Saputra in C:\Users\Nikolaus Rio Saputra\Downloads\UTS Phincon Project\hospital-app)
2024-06-25T11:37:54.665+07:00  INFO 8300 --- [hospital-app] [main] com.bootcamp.HospitalAppApplication      : No active profile set, falling back to 1 default profile: "default"
2024-06-25T11:37:55.658+07:00  INFO 8300 --- [hospital-app] [main] .s.d.r.c.RepositoryConfigurationDelegate : Bootstrapping Spring Data JPA repositories in DEFAULT mode.
2024-06-25T11:37:55.728+07:00  INFO 8300 --- [hospital-app] [main] .s.d.r.c.RepositoryConfigurationDelegate : Finished Spring Data repository scanning in 63 ms. Found 5 JPA repository interfaces.
2024-06-25T11:37:56.333+07:00  INFO 8300 --- [hospital-app] [main] o.s.b.w.embedded.tomcat.TomcatWebServer  : Tomcat initialized with port 8080 (http)
2024-06-25T11:37:56.346+07:00  INFO 8300 --- [hospital-app] [main] o.apache.catalina.core.StandardService   : Starting service [Tomcat]
2024-06-25T11:37:56.346+07:00  INFO 8300 --- [hospital-app] [main] o.apache.catalina.core.StandardEngine    : Starting Servlet engine: [Apache Tomcat/10.1.24]
2024-06-25T11:37:56.401+07:00  INFO 8300 --- [hospital-app] [main] o.a.c.c.C.[Tomcat].[localhost].[/]       : Initializing Spring embedded WebApplicationContext
2024-06-25T11:37:56.401+07:00  INFO 8300 --- [hospital-app] [main] w.s.c.ServletWebServerApplicationContext : Root WebApplicationContext: initialization completed in 1683 ms
2024-06-25T11:37:56.685+07:00  INFO 8300 --- [hospital-app] [main] o.hibernate.jpa.internal.util.LogHelper  : HHH000204: Processing PersistenceUnitInfo [name: default]
2024-06-25T11:37:56.777+07:00  INFO 8300 --- [hospital-app] [main] org.hibernate.Version                    : HHH000412: Hibernate ORM core version 6.5.2.Final
2024-06-25T11:37:56.830+07:00  INFO 8300 --- [hospital-app] [main] o.h.c.internal.RegionFactoryInitiator    : HHH000026: Second-level cache disabled
2024-06-25T11:37:57.118+07:00  INFO 8300 --- [hospital-app] [main] o.s.o.j.p.SpringPersistenceUnitInfo      : No LoadTimeWeaver setup: ignoring JPA class transformer
2024-06-25T11:37:57.138+07:00  INFO 8300 --- [hospital-app] [main] com.zaxxer.hikari.HikariDataSource       : HikariPool-1 - Starting...
2024-06-25T11:37:57.305+07:00  INFO 8300 --- [hospital-app] [main] com.zaxxer.hikari.pool.HikariPool        : HikariPool-1 - Added connection org.postgresql.jdbc.PgConnection@74707df8
2024-06-25T11:37:57.307+07:00  INFO 8300 --- [hospital-app] [main] com.zaxxer.hikari.HikariDataSource       : HikariPool-1 - Start completed.
2024-06-25T11:37:57.361+07:00  WARN 8300 --- [hospital-app] [main] org.hibernate.orm.deprecation            : HHH90000025: PostgreSQLDialect does not need to be specified explicitly using 'hibernate.dialect' (remove the property setting and it will be selected by default)
2024-06-25T11:37:58.265+07:00  INFO 8300 --- [hospital-app] [main] o.h.e.t.j.p.i.JtaPlatformInitiator       : HHH000489: No JTA platform available (set 'hibernate.transaction.jta.platform' to enable JTA platform integration)
2024-06-25T11:37:58.288+07:00  WARN 8300 --- [hospital-app] [main] o.h.engine.jdbc.spi.SqlExceptionHelper   : SQL Warning Code: 0, SQLState: 00000
2024-06-25T11:37:58.288+07:00  WARN 8300 --- [hospital-app] [main] o.h.engine.jdbc.spi.SqlExceptionHelper   : relation "pasien" does not exist, skipping
2024-06-25T11:37:58.289+07:00  WARN 8300 --- [hospital-app] [main] o.h.engine.jdbc.spi.SqlExceptionHelper   : SQL Warning Code: 0, SQLState: 00000
2024-06-25T11:37:58.289+07:00  WARN 8300 --- [hospital-app] [main] o.h.engine.jdbc.spi.SqlExceptionHelper   : relation "penanganan" does not exist, skipping
2024-06-25T11:37:58.289+07:00  WARN 8300 --- [hospital-app] [main] o.h.engine.jdbc.spi.SqlExceptionHelper   : SQL Warning Code: 0, SQLState: 00000
2024-06-25T11:37:58.289+07:00  WARN 8300 --- [hospital-app] [main] o.h.engine.jdbc.spi.SqlExceptionHelper   : relation "penanganan" does not exist, skipping
2024-06-25T11:37:58.290+07:00  WARN 8300 --- [hospital-app] [main] o.h.engine.jdbc.spi.SqlExceptionHelper   : SQL Warning Code: 0, SQLState: 00000
2024-06-25T11:37:58.290+07:00  WARN 8300 --- [hospital-app] [main] o.h.engine.jdbc.spi.SqlExceptionHelper   : relation "penanganan_penyakit" does not exist, skipping
2024-06-25T11:37:58.291+07:00  WARN 8300 --- [hospital-app] [main] o.h.engine.jdbc.spi.SqlExceptionHelper   : SQL Warning Code: 0, SQLState: 00000
2024-06-25T11:37:58.291+07:00  WARN 8300 --- [hospital-app] [main] o.h.engine.jdbc.spi.SqlExceptionHelper   : relation "penanganan_penyakit" does not exist, skipping
2024-06-25T11:37:58.291+07:00  WARN 8300 --- [hospital-app] [main] o.h.engine.jdbc.spi.SqlExceptionHelper   : SQL Warning Code: 0, SQLState: 00000
2024-06-25T11:37:58.291+07:00  WARN 8300 --- [hospital-app] [main] o.h.engine.jdbc.spi.SqlExceptionHelper   : relation "penyakit" does not exist, skipping
2024-06-25T11:37:58.292+07:00  WARN 8300 --- [hospital-app] [main] o.h.engine.jdbc.spi.SqlExceptionHelper   : SQL Warning Code: 0, SQLState: 00000
2024-06-25T11:37:58.292+07:00  WARN 8300 --- [hospital-app] [main] o.h.engine.jdbc.spi.SqlExceptionHelper   : table "dokter" does not exist, skipping
2024-06-25T11:37:58.293+07:00  WARN 8300 --- [hospital-app] [main] o.h.engine.jdbc.spi.SqlExceptionHelper   : SQL Warning Code: 0, SQLState: 00000
2024-06-25T11:37:58.293+07:00  WARN 8300 --- [hospital-app] [main] o.h.engine.jdbc.spi.SqlExceptionHelper   : table "obat" does not exist, skipping
2024-06-25T11:37:58.293+07:00  WARN 8300 --- [hospital-app] [main] o.h.engine.jdbc.spi.SqlExceptionHelper   : SQL Warning Code: 0, SQLState: 00000
2024-06-25T11:37:58.293+07:00  WARN 8300 --- [hospital-app] [main] o.h.engine.jdbc.spi.SqlExceptionHelper   : table "pasien" does not exist, skipping
2024-06-25T11:37:58.294+07:00  WARN 8300 --- [hospital-app] [main] o.h.engine.jdbc.spi.SqlExceptionHelper   : SQL Warning Code: 0, SQLState: 00000
2024-06-25T11:37:58.294+07:00  WARN 8300 --- [hospital-app] [main] o.h.engine.jdbc.spi.SqlExceptionHelper   : table "penanganan" does not exist, skipping
2024-06-25T11:37:58.294+07:00  WARN 8300 --- [hospital-app] [main] o.h.engine.jdbc.spi.SqlExceptionHelper   : SQL Warning Code: 0, SQLState: 00000
2024-06-25T11:37:58.295+07:00  WARN 8300 --- [hospital-app] [main] o.h.engine.jdbc.spi.SqlExceptionHelper   : table "penanganan_penyakit" does not exist, skipping
2024-06-25T11:37:58.295+07:00  WARN 8300 --- [hospital-app] [main] o.h.engine.jdbc.spi.SqlExceptionHelper   : SQL Warning Code: 0, SQLState: 00000
2024-06-25T11:37:58.295+07:00  WARN 8300 --- [hospital-app] [main] o.h.engine.jdbc.spi.SqlExceptionHelper   : table "penyakit" does not exist, skipping
2024-06-25T11:37:58.362+07:00  INFO 8300 --- [hospital-app] [main] j.LocalContainerEntityManagerFactoryBean : Initialized JPA EntityManagerFactory for persistence unit 'default'
2024-06-25T11:37:58.694+07:00  INFO 8300 --- [hospital-app] [main] eAuthenticationProviderManagerConfigurer : Global AuthenticationManager configured with AuthenticationProvider bean with name authenticationProvider
2024-06-25T11:37:58.695+07:00  WARN 8300 --- [hospital-app] [main] r$InitializeUserDetailsManagerConfigurer : Global AuthenticationManager configured with an AuthenticationProvider bean. UserDetailsService beans will not be used for username/password login. Consider removing the AuthenticationProvider bean. Alternatively, consider using the UserDetailsService in a manually instantiated DaoAuthenticationProvider.
2024-06-25T11:37:58.858+07:00  WARN 8300 --- [hospital-app] [main] JpaBaseConfiguration$JpaWebConfiguration : spring.jpa.open-in-view is enabled by default. Therefore, database queries may be performed during view rendering. Explicitly configure spring.jpa.open-in-view to disable this warning
2024-06-25T11:37:59.163+07:00  INFO 8300 --- [hospital-app] [main] o.s.s.web.DefaultSecurityFilterChain     : Will secure any request with [org.springframework.security.web.session.DisableEncodeUrlFilter@2cbae0f1, org.springframework.security.web.context.request.async.WebAsyncManagerIntegrationFilter@3bf4b018, org.springframework.security.web.context.SecurityContextHolderFilter@30dd23e2, org.springframework.security.web.header.HeaderWriterFilter@d695f9d, org.springframework.web.filter.CorsFilter@d8cece4, org.springframework.security.web.authentication.logout.LogoutFilter@5d3d5242, com.bootcamp.jwt.CustomJWTAuthenticationFilter@91f565d, org.springframework.security.web.savedrequest.RequestCacheAwareFilter@75693526, org.springframework.security.web.servletapi.SecurityContextHolderAwareRequestFilter@76c2d002, org.springframework.security.web.authentication.AnonymousAuthenticationFilter@55d98bbb, org.springframework.security.web.session.SessionManagementFilter@45dfb6a4, org.springframework.security.web.access.ExceptionTranslationFilter@2da8ed80, org.springframework.security.web.access.intercept.AuthorizationFilter@673e1cf2]
2024-06-25T11:37:59.351+07:00  INFO 8300 --- [hospital-app] [main] o.s.b.w.embedded.tomcat.TomcatWebServer  : Tomcat started on port 8080 (http) with context path '/'
2024-06-25T11:37:59.359+07:00  INFO 8300 --- [hospital-app] [main] com.bootcamp.HospitalAppApplication      : Started HospitalAppApplication in 5.262 seconds (process running for 5.71)
2024-06-25T11:39:01.613+07:00  INFO 8300 --- [hospital-app] [http-nio-8080-exec-2] o.a.c.c.C.[Tomcat].[localhost].[/]       : Initializing Spring DispatcherServlet 'dispatcherServlet'
2024-06-25T11:39:01.614+07:00  INFO 8300 --- [hospital-app] [http-nio-8080-exec-2] o.s.web.servlet.DispatcherServlet        : Initializing Servlet 'dispatcherServlet'
2024-06-25T11:39:01.618+07:00  INFO 8300 --- [hospital-app] [http-nio-8080-exec-2] o.s.web.servlet.DispatcherServlet        : Completed initialization in 4 ms
2024-06-25T11:39:01.667+07:00  WARN 8300 --- [hospital-app] [http-nio-8080-exec-2] c.b.jwt.CustomJWTAuthenticationFilter    : JWT Token does not begin with Bearer String
2024-06-25T11:39:01.668+07:00  WARN 8300 --- [hospital-app] [http-nio-8080-exec-2] c.b.jwt.CustomJWTAuthenticationFilter    : Cannot set the Security Context
2024-06-25T11:39:01.872+07:00  INFO 8300 --- [hospital-app] [http-nio-8080-exec-2] com.bootcamp.controller.ObatController   : Menambahkan obat baru: Obat(idObat=null, namaObat=paramax, hargaObat=1000.0)
2024-06-25T11:39:01.889+07:00  INFO 8300 --- [hospital-app] [http-nio-8080-exec-2] c.bootcamp.service.obat.ObatServiceImpl  : Menambahkan dokter baru: Obat(idObat=null, namaObat=paramax, hargaObat=1000.0)
2024-06-25T11:39:02.019+07:00  INFO 8300 --- [hospital-app] [http-nio-8080-exec-2] com.bootcamp.controller.ObatController   : Obat baru berhasil ditambahkan dengan Id: 1
2024-06-25T11:39:07.239+07:00  WARN 8300 --- [hospital-app] [http-nio-8080-exec-4] c.b.jwt.CustomJWTAuthenticationFilter    : JWT Token does not begin with Bearer String
2024-06-25T11:39:07.240+07:00  WARN 8300 --- [hospital-app] [http-nio-8080-exec-4] c.b.jwt.CustomJWTAuthenticationFilter    : Cannot set the Security Context
2024-06-25T11:39:07.250+07:00  INFO 8300 --- [hospital-app] [http-nio-8080-exec-4] c.bootcamp.controller.DokterController   : Menambahkan dokter baru: Dokter(idDokter=null, namaDokter=Dr. joko, spesialisasi=umum, tarifKonsultasi=10000.0)
2024-06-25T11:39:07.253+07:00  INFO 8300 --- [hospital-app] [http-nio-8080-exec-4] c.b.service.docter.DokterServiceImpl     : Menambahkan dokter baru: Dokter(idDokter=null, namaDokter=Dr. joko, spesialisasi=umum, tarifKonsultasi=10000.0)
2024-06-25T11:39:07.267+07:00  INFO 8300 --- [hospital-app] [http-nio-8080-exec-4] c.bootcamp.controller.DokterController   : Dokter baru berhasil ditambahkan dengan ID: 1
2024-06-25T11:39:11.272+07:00  WARN 8300 --- [hospital-app] [http-nio-8080-exec-3] c.b.jwt.CustomJWTAuthenticationFilter    : JWT Token does not begin with Bearer String
2024-06-25T11:39:11.272+07:00  WARN 8300 --- [hospital-app] [http-nio-8080-exec-3] c.b.jwt.CustomJWTAuthenticationFilter    : Cannot set the Security Context
2024-06-25T11:39:11.277+07:00  INFO 8300 --- [hospital-app] [http-nio-8080-exec-3] c.b.controller.PenyakitController        : Menambahkan penyakit baru: PenyakitRequest(namaPenyakit=sakit hati, obatId=1)
2024-06-25T11:39:11.345+07:00  INFO 8300 --- [hospital-app] [http-nio-8080-exec-3] c.b.controller.PenyakitController        : Penyakit baru berhasil ditambahkan dengan Id: 1
2024-06-25T11:39:15.138+07:00  WARN 8300 --- [hospital-app] [http-nio-8080-exec-5] c.b.jwt.CustomJWTAuthenticationFilter    : JWT Token does not begin with Bearer String
2024-06-25T11:39:15.138+07:00  WARN 8300 --- [hospital-app] [http-nio-8080-exec-5] c.b.jwt.CustomJWTAuthenticationFilter    : Cannot set the Security Context
2024-06-25T11:39:15.146+07:00  INFO 8300 --- [hospital-app] [http-nio-8080-exec-5] c.bootcamp.controller.PasienController   : Menambahkan pasien baru: PasienRequest(namaPasien=, umurPasien=11, alamatPasien=jakarta barat, penyakitId=1)
2024-06-25T11:39:15.148+07:00  INFO 8300 --- [hospital-app] [http-nio-8080-exec-5] c.b.s.penyakit.PenyakitServiceImpl       : Mencari penyakit dengan ID: 1
2024-06-25T11:39:15.168+07:00  INFO 8300 --- [hospital-app] [http-nio-8080-exec-5] c.b.service.pasien.PasienServiceImpl     : Menambahkan pasien baru: Pasien(idPasien=0, namaPasien=, umurPasien=11, alamatPasien=jakarta barat, penyakit=Penyakit(idPenyakit=1, namaPenyakit=sakit hati, obat=Obat(idObat=1, namaObat=paramax, hargaObat=1000.0)))
2024-06-25T11:39:15.205+07:00 ERROR 8300 --- [hospital-app] [http-nio-8080-exec-5] o.a.c.c.C.[.[.[/].[dispatcherServlet]    : Servlet.service() for servlet [dispatcherServlet] in context with path [] threw exception [Request processing failed: jakarta.validation.ConstraintViolationException: Validation failed for classes [com.bootcamp.model.Pasien] during persist time for groups [jakarta.validation.groups.Default, ]
List of constraint violations:[
	ConstraintViolationImpl{interpolatedMessage='Nama Pasien harus memiliki panjang 3-255 karakter', propertyPath=namaPasien, rootBeanClass=class com.bootcamp.model.Pasien, messageTemplate='Nama Pasien harus memiliki panjang 3-255 karakter'}
]] with root cause

jakarta.validation.ConstraintViolationException: Validation failed for classes [com.bootcamp.model.Pasien] during persist time for groups [jakarta.validation.groups.Default, ]
List of constraint violations:[
	ConstraintViolationImpl{interpolatedMessage='Nama Pasien harus memiliki panjang 3-255 karakter', propertyPath=namaPasien, rootBeanClass=class com.bootcamp.model.Pasien, messageTemplate='Nama Pasien harus memiliki panjang 3-255 karakter'}
]
	at org.hibernate.boot.beanvalidation.BeanValidationEventListener.validate(BeanValidationEventListener.java:151) ~[hibernate-core-6.5.2.Final.jar:6.5.2.Final]
	at org.hibernate.boot.beanvalidation.BeanValidationEventListener.onPreInsert(BeanValidationEventListener.java:81) ~[hibernate-core-6.5.2.Final.jar:6.5.2.Final]
	at org.hibernate.action.internal.EntityIdentityInsertAction.preInsert(EntityIdentityInsertAction.java:201) ~[hibernate-core-6.5.2.Final.jar:6.5.2.Final]
	at org.hibernate.action.internal.EntityIdentityInsertAction.execute(EntityIdentityInsertAction.java:79) ~[hibernate-core-6.5.2.Final.jar:6.5.2.Final]
	at org.hibernate.engine.spi.ActionQueue.execute(ActionQueue.java:670) ~[hibernate-core-6.5.2.Final.jar:6.5.2.Final]
	at org.hibernate.engine.spi.ActionQueue.addResolvedEntityInsertAction(ActionQueue.java:291) ~[hibernate-core-6.5.2.Final.jar:6.5.2.Final]
	at org.hibernate.engine.spi.ActionQueue.addInsertAction(ActionQueue.java:272) ~[hibernate-core-6.5.2.Final.jar:6.5.2.Final]
	at org.hibernate.engine.spi.ActionQueue.addAction(ActionQueue.java:322) ~[hibernate-core-6.5.2.Final.jar:6.5.2.Final]
	at org.hibernate.event.internal.AbstractSaveEventListener.addInsertAction(AbstractSaveEventListener.java:391) ~[hibernate-core-6.5.2.Final.jar:6.5.2.Final]
	at org.hibernate.event.internal.AbstractSaveEventListener.performSaveOrReplicate(AbstractSaveEventListener.java:305) ~[hibernate-core-6.5.2.Final.jar:6.5.2.Final]
	at org.hibernate.event.internal.AbstractSaveEventListener.performSave(AbstractSaveEventListener.java:224) ~[hibernate-core-6.5.2.Final.jar:6.5.2.Final]
	at org.hibernate.event.internal.AbstractSaveEventListener.saveWithGeneratedId(AbstractSaveEventListener.java:137) ~[hibernate-core-6.5.2.Final.jar:6.5.2.Final]
	at org.hibernate.event.internal.DefaultPersistEventListener.entityIsTransient(DefaultPersistEventListener.java:175) ~[hibernate-core-6.5.2.Final.jar:6.5.2.Final]
	at org.hibernate.event.internal.DefaultPersistEventListener.persist(DefaultPersistEventListener.java:93) ~[hibernate-core-6.5.2.Final.jar:6.5.2.Final]
	at org.hibernate.event.internal.DefaultPersistEventListener.onPersist(DefaultPersistEventListener.java:77) ~[hibernate-core-6.5.2.Final.jar:6.5.2.Final]
	at org.hibernate.event.internal.DefaultPersistEventListener.onPersist(DefaultPersistEventListener.java:54) ~[hibernate-core-6.5.2.Final.jar:6.5.2.Final]
	at org.hibernate.event.service.internal.EventListenerGroupImpl.fireEventOnEachListener(EventListenerGroupImpl.java:127) ~[hibernate-core-6.5.2.Final.jar:6.5.2.Final]
	at org.hibernate.internal.SessionImpl.firePersist(SessionImpl.java:757) ~[hibernate-core-6.5.2.Final.jar:6.5.2.Final]
	at org.hibernate.internal.SessionImpl.persist(SessionImpl.java:741) ~[hibernate-core-6.5.2.Final.jar:6.5.2.Final]
	at java.base/jdk.internal.reflect.DirectMethodHandleAccessor.invoke(DirectMethodHandleAccessor.java:103) ~[na:na]
	at java.base/java.lang.reflect.Method.invoke(Method.java:580) ~[na:na]
	at org.springframework.orm.jpa.ExtendedEntityManagerCreator$ExtendedEntityManagerInvocationHandler.invoke(ExtendedEntityManagerCreator.java:364) ~[spring-orm-6.1.8.jar:6.1.8]
	at jdk.proxy2/jdk.proxy2.$Proxy131.persist(Unknown Source) ~[na:na]
	at java.base/jdk.internal.reflect.DirectMethodHandleAccessor.invoke(DirectMethodHandleAccessor.java:103) ~[na:na]
	at java.base/java.lang.reflect.Method.invoke(Method.java:580) ~[na:na]
	at org.springframework.orm.jpa.SharedEntityManagerCreator$SharedEntityManagerInvocationHandler.invoke(SharedEntityManagerCreator.java:319) ~[spring-orm-6.1.8.jar:6.1.8]
	at jdk.proxy2/jdk.proxy2.$Proxy131.persist(Unknown Source) ~[na:na]
	at org.springframework.data.jpa.repository.support.SimpleJpaRepository.save(SimpleJpaRepository.java:628) ~[spring-data-jpa-3.3.0.jar:3.3.0]
	at java.base/jdk.internal.reflect.DirectMethodHandleAccessor.invoke(DirectMethodHandleAccessor.java:103) ~[na:na]
	at java.base/java.lang.reflect.Method.invoke(Method.java:580) ~[na:na]
	at org.springframework.aop.support.AopUtils.invokeJoinpointUsingReflection(AopUtils.java:354) ~[spring-aop-6.1.8.jar:6.1.8]
	at org.springframework.data.repository.core.support.RepositoryMethodInvoker$RepositoryFragmentMethodInvoker.lambda$new$0(RepositoryMethodInvoker.java:277) ~[spring-data-commons-3.3.0.jar:3.3.0]
	at org.springframework.data.repository.core.support.RepositoryMethodInvoker.doInvoke(RepositoryMethodInvoker.java:170) ~[spring-data-commons-3.3.0.jar:3.3.0]
	at org.springframework.data.repository.core.support.RepositoryMethodInvoker.invoke(RepositoryMethodInvoker.java:158) ~[spring-data-commons-3.3.0.jar:3.3.0]
	at org.springframework.data.repository.core.support.RepositoryComposition$RepositoryFragments.invoke(RepositoryComposition.java:516) ~[spring-data-commons-3.3.0.jar:3.3.0]
	at org.springframework.data.repository.core.support.RepositoryComposition.invoke(RepositoryComposition.java:285) ~[spring-data-commons-3.3.0.jar:3.3.0]
	at org.springframework.data.repository.core.support.RepositoryFactorySupport$ImplementationMethodExecutionInterceptor.invoke(RepositoryFactorySupport.java:628) ~[spring-data-commons-3.3.0.jar:3.3.0]
	at org.springframework.aop.framework.ReflectiveMethodInvocation.proceed(ReflectiveMethodInvocation.java:184) ~[spring-aop-6.1.8.jar:6.1.8]
	at org.springframework.data.repository.core.support.QueryExecutorMethodInterceptor.doInvoke(QueryExecutorMethodInterceptor.java:168) ~[spring-data-commons-3.3.0.jar:3.3.0]
	at org.springframework.data.repository.core.support.QueryExecutorMethodInterceptor.invoke(QueryExecutorMethodInterceptor.java:143) ~[spring-data-commons-3.3.0.jar:3.3.0]
	at org.springframework.aop.framework.ReflectiveMethodInvocation.proceed(ReflectiveMethodInvocation.java:184) ~[spring-aop-6.1.8.jar:6.1.8]
	at org.springframework.data.projection.DefaultMethodInvokingMethodInterceptor.invoke(DefaultMethodInvokingMethodInterceptor.java:70) ~[spring-data-commons-3.3.0.jar:3.3.0]
	at org.springframework.aop.framework.ReflectiveMethodInvocation.proceed(ReflectiveMethodInvocation.java:184) ~[spring-aop-6.1.8.jar:6.1.8]
	at org.springframework.transaction.interceptor.TransactionInterceptor$1.proceedWithInvocation(TransactionInterceptor.java:123) ~[spring-tx-6.1.8.jar:6.1.8]
	at org.springframework.transaction.interceptor.TransactionAspectSupport.invokeWithinTransaction(TransactionAspectSupport.java:392) ~[spring-tx-6.1.8.jar:6.1.8]
	at org.springframework.transaction.interceptor.TransactionInterceptor.invoke(TransactionInterceptor.java:119) ~[spring-tx-6.1.8.jar:6.1.8]
	at org.springframework.aop.framework.ReflectiveMethodInvocation.proceed(ReflectiveMethodInvocation.java:184) ~[spring-aop-6.1.8.jar:6.1.8]
	at org.springframework.dao.support.PersistenceExceptionTranslationInterceptor.invoke(PersistenceExceptionTranslationInterceptor.java:137) ~[spring-tx-6.1.8.jar:6.1.8]
	at org.springframework.aop.framework.ReflectiveMethodInvocation.proceed(ReflectiveMethodInvocation.java:184) ~[spring-aop-6.1.8.jar:6.1.8]
	at org.springframework.data.jpa.repository.support.CrudMethodMetadataPostProcessor$CrudMethodMetadataPopulatingMethodInterceptor.invoke(CrudMethodMetadataPostProcessor.java:165) ~[spring-data-jpa-3.3.0.jar:3.3.0]
	at org.springframework.aop.framework.ReflectiveMethodInvocation.proceed(ReflectiveMethodInvocation.java:184) ~[spring-aop-6.1.8.jar:6.1.8]
	at org.springframework.aop.interceptor.ExposeInvocationInterceptor.invoke(ExposeInvocationInterceptor.java:97) ~[spring-aop-6.1.8.jar:6.1.8]
	at org.springframework.aop.framework.ReflectiveMethodInvocation.proceed(ReflectiveMethodInvocation.java:184) ~[spring-aop-6.1.8.jar:6.1.8]
	at org.springframework.aop.framework.JdkDynamicAopProxy.invoke(JdkDynamicAopProxy.java:223) ~[spring-aop-6.1.8.jar:6.1.8]
	at jdk.proxy2/jdk.proxy2.$Proxy136.save(Unknown Source) ~[na:na]
	at com.bootcamp.service.pasien.PasienServiceImpl.tambahPasien(PasienServiceImpl.java:40) ~[classes/:na]
	at java.base/jdk.internal.reflect.DirectMethodHandleAccessor.invoke(DirectMethodHandleAccessor.java:103) ~[na:na]
	at java.base/java.lang.reflect.Method.invoke(Method.java:580) ~[na:na]
	at org.springframework.aop.support.AopUtils.invokeJoinpointUsingReflection(AopUtils.java:354) ~[spring-aop-6.1.8.jar:6.1.8]
	at org.springframework.aop.framework.ReflectiveMethodInvocation.invokeJoinpoint(ReflectiveMethodInvocation.java:196) ~[spring-aop-6.1.8.jar:6.1.8]
	at org.springframework.aop.framework.ReflectiveMethodInvocation.proceed(ReflectiveMethodInvocation.java:163) ~[spring-aop-6.1.8.jar:6.1.8]
	at org.springframework.aop.framework.CglibAopProxy$CglibMethodInvocation.proceed(CglibAopProxy.java:768) ~[spring-aop-6.1.8.jar:6.1.8]
	at org.springframework.transaction.interceptor.TransactionInterceptor$1.proceedWithInvocation(TransactionInterceptor.java:123) ~[spring-tx-6.1.8.jar:6.1.8]
	at org.springframework.transaction.interceptor.TransactionAspectSupport.invokeWithinTransaction(TransactionAspectSupport.java:392) ~[spring-tx-6.1.8.jar:6.1.8]
	at org.springframework.transaction.interceptor.TransactionInterceptor.invoke(TransactionInterceptor.java:119) ~[spring-tx-6.1.8.jar:6.1.8]
	at org.springframework.aop.framework.ReflectiveMethodInvocation.proceed(ReflectiveMethodInvocation.java:184) ~[spring-aop-6.1.8.jar:6.1.8]
	at org.springframework.aop.framework.CglibAopProxy$CglibMethodInvocation.proceed(CglibAopProxy.java:768) ~[spring-aop-6.1.8.jar:6.1.8]
	at org.springframework.aop.framework.CglibAopProxy$DynamicAdvisedInterceptor.intercept(CglibAopProxy.java:720) ~[spring-aop-6.1.8.jar:6.1.8]
	at com.bootcamp.service.pasien.PasienServiceImpl$$SpringCGLIB$$0.tambahPasien(<generated>) ~[classes/:na]
	at com.bootcamp.controller.PasienController.tambahkan(PasienController.java:58) ~[classes/:na]
	at java.base/jdk.internal.reflect.DirectMethodHandleAccessor.invoke(DirectMethodHandleAccessor.java:103) ~[na:na]
	at java.base/java.lang.reflect.Method.invoke(Method.java:580) ~[na:na]
	at org.springframework.web.method.support.InvocableHandlerMethod.doInvoke(InvocableHandlerMethod.java:255) ~[spring-web-6.1.8.jar:6.1.8]
	at org.springframework.web.method.support.InvocableHandlerMethod.invokeForRequest(InvocableHandlerMethod.java:188) ~[spring-web-6.1.8.jar:6.1.8]
	at org.springframework.web.servlet.mvc.method.annotation.ServletInvocableHandlerMethod.invokeAndHandle(ServletInvocableHandlerMethod.java:118) ~[spring-webmvc-6.1.8.jar:6.1.8]
	at org.springframework.web.servlet.mvc.method.annotation.RequestMappingHandlerAdapter.invokeHandlerMethod(RequestMappingHandlerAdapter.java:926) ~[spring-webmvc-6.1.8.jar:6.1.8]
	at org.springframework.web.servlet.mvc.method.annotation.RequestMappingHandlerAdapter.handleInternal(RequestMappingHandlerAdapter.java:831) ~[spring-webmvc-6.1.8.jar:6.1.8]
	at org.springframework.web.servlet.mvc.method.AbstractHandlerMethodAdapter.handle(AbstractHandlerMethodAdapter.java:87) ~[spring-webmvc-6.1.8.jar:6.1.8]
	at org.springframework.web.servlet.DispatcherServlet.doDispatch(DispatcherServlet.java:1089) ~[spring-webmvc-6.1.8.jar:6.1.8]
	at org.springframework.web.servlet.DispatcherServlet.doService(DispatcherServlet.java:979) ~[spring-webmvc-6.1.8.jar:6.1.8]
	at org.springframework.web.servlet.FrameworkServlet.processRequest(FrameworkServlet.java:1014) ~[spring-webmvc-6.1.8.jar:6.1.8]
	at org.springframework.web.servlet.FrameworkServlet.doPost(FrameworkServlet.java:914) ~[spring-webmvc-6.1.8.jar:6.1.8]
	at jakarta.servlet.http.HttpServlet.service(HttpServlet.java:590) ~[tomcat-embed-core-10.1.24.jar:6.0]
	at org.springframework.web.servlet.FrameworkServlet.service(FrameworkServlet.java:885) ~[spring-webmvc-6.1.8.jar:6.1.8]
	at jakarta.servlet.http.HttpServlet.service(HttpServlet.java:658) ~[tomcat-embed-core-10.1.24.jar:6.0]
	at org.apache.catalina.core.ApplicationFilterChain.internalDoFilter(ApplicationFilterChain.java:195) ~[tomcat-embed-core-10.1.24.jar:10.1.24]
	at org.apache.catalina.core.ApplicationFilterChain.doFilter(ApplicationFilterChain.java:140) ~[tomcat-embed-core-10.1.24.jar:10.1.24]
	at org.apache.tomcat.websocket.server.WsFilter.doFilter(WsFilter.java:51) ~[tomcat-embed-websocket-10.1.24.jar:10.1.24]
	at org.apache.catalina.core.ApplicationFilterChain.internalDoFilter(ApplicationFilterChain.java:164) ~[tomcat-embed-core-10.1.24.jar:10.1.24]
	at org.apache.catalina.core.ApplicationFilterChain.doFilter(ApplicationFilterChain.java:140) ~[tomcat-embed-core-10.1.24.jar:10.1.24]
	at org.springframework.web.filter.OncePerRequestFilter.doFilter(OncePerRequestFilter.java:110) ~[spring-web-6.1.8.jar:6.1.8]
	at org.apache.catalina.core.ApplicationFilterChain.internalDoFilter(ApplicationFilterChain.java:164) ~[tomcat-embed-core-10.1.24.jar:10.1.24]
	at org.apache.catalina.core.ApplicationFilterChain.doFilter(ApplicationFilterChain.java:140) ~[tomcat-embed-core-10.1.24.jar:10.1.24]
	at org.springframework.web.filter.CompositeFilter$VirtualFilterChain.doFilter(CompositeFilter.java:108) ~[spring-web-6.1.8.jar:6.1.8]
	at org.springframework.security.web.FilterChainProxy.lambda$doFilterInternal$3(FilterChainProxy.java:231) ~[spring-security-web-6.3.0.jar:6.3.0]
	at org.springframework.security.web.FilterChainProxy$VirtualFilterChain.doFilter(FilterChainProxy.java:365) ~[spring-security-web-6.3.0.jar:6.3.0]
	at org.springframework.security.web.access.intercept.AuthorizationFilter.doFilter(AuthorizationFilter.java:100) ~[spring-security-web-6.3.0.jar:6.3.0]
	at org.springframework.security.web.FilterChainProxy$VirtualFilterChain.doFilter(FilterChainProxy.java:374) ~[spring-security-web-6.3.0.jar:6.3.0]
	at org.springframework.security.web.access.ExceptionTranslationFilter.doFilter(ExceptionTranslationFilter.java:126) ~[spring-security-web-6.3.0.jar:6.3.0]
	at org.springframework.security.web.access.ExceptionTranslationFilter.doFilter(ExceptionTranslationFilter.java:120) ~[spring-security-web-6.3.0.jar:6.3.0]
	at org.springframework.security.web.FilterChainProxy$VirtualFilterChain.doFilter(FilterChainProxy.java:374) ~[spring-security-web-6.3.0.jar:6.3.0]
	at org.springframework.security.web.session.SessionManagementFilter.doFilter(SessionManagementFilter.java:131) ~[spring-security-web-6.3.0.jar:6.3.0]
	at org.springframework.security.web.session.SessionManagementFilter.doFilter(SessionManagementFilter.java:85) ~[spring-security-web-6.3.0.jar:6.3.0]
	at org.springframework.security.web.FilterChainProxy$VirtualFilterChain.doFilter(FilterChainProxy.java:374) ~[spring-security-web-6.3.0.jar:6.3.0]
	at org.springframework.security.web.authentication.AnonymousAuthenticationFilter.doFilter(AnonymousAuthenticationFilter.java:100) ~[spring-security-web-6.3.0.jar:6.3.0]
	at org.springframework.security.web.FilterChainProxy$VirtualFilterChain.doFilter(FilterChainProxy.java:374) ~[spring-security-web-6.3.0.jar:6.3.0]
	at org.springframework.security.web.servletapi.SecurityContextHolderAwareRequestFilter.doFilter(SecurityContextHolderAwareRequestFilter.java:179) ~[spring-security-web-6.3.0.jar:6.3.0]
	at org.springframework.security.web.FilterChainProxy$VirtualFilterChain.doFilter(FilterChainProxy.java:374) ~[spring-security-web-6.3.0.jar:6.3.0]
	at org.springframework.security.web.savedrequest.RequestCacheAwareFilter.doFilter(RequestCacheAwareFilter.java:63) ~[spring-security-web-6.3.0.jar:6.3.0]
	at org.springframework.security.web.FilterChainProxy$VirtualFilterChain.doFilter(FilterChainProxy.java:374) ~[spring-security-web-6.3.0.jar:6.3.0]
	at com.bootcamp.jwt.CustomJWTAuthenticationFilter.doFilterInternal(CustomJWTAuthenticationFilter.java:58) ~[classes/:na]
	at org.springframework.web.filter.OncePerRequestFilter.doFilter(OncePerRequestFilter.java:116) ~[spring-web-6.1.8.jar:6.1.8]
	at org.springframework.security.web.FilterChainProxy$VirtualFilterChain.doFilter(FilterChainProxy.java:374) ~[spring-security-web-6.3.0.jar:6.3.0]
	at org.springframework.security.web.authentication.logout.LogoutFilter.doFilter(LogoutFilter.java:107) ~[spring-security-web-6.3.0.jar:6.3.0]
	at org.springframework.security.web.authentication.logout.LogoutFilter.doFilter(LogoutFilter.java:93) ~[spring-security-web-6.3.0.jar:6.3.0]
	at org.springframework.security.web.FilterChainProxy$VirtualFilterChain.doFilter(FilterChainProxy.java:374) ~[spring-security-web-6.3.0.jar:6.3.0]
	at org.springframework.web.filter.CorsFilter.doFilterInternal(CorsFilter.java:91) ~[spring-web-6.1.8.jar:6.1.8]
	at org.springframework.web.filter.OncePerRequestFilter.doFilter(OncePerRequestFilter.java:116) ~[spring-web-6.1.8.jar:6.1.8]
	at org.springframework.security.web.FilterChainProxy$VirtualFilterChain.doFilter(FilterChainProxy.java:374) ~[spring-security-web-6.3.0.jar:6.3.0]
	at org.springframework.security.web.header.HeaderWriterFilter.doHeadersAfter(HeaderWriterFilter.java:90) ~[spring-security-web-6.3.0.jar:6.3.0]
	at org.springframework.security.web.header.HeaderWriterFilter.doFilterInternal(HeaderWriterFilter.java:75) ~[spring-security-web-6.3.0.jar:6.3.0]
	at org.springframework.web.filter.OncePerRequestFilter.doFilter(OncePerRequestFilter.java:116) ~[spring-web-6.1.8.jar:6.1.8]
	at org.springframework.security.web.FilterChainProxy$VirtualFilterChain.doFilter(FilterChainProxy.java:374) ~[spring-security-web-6.3.0.jar:6.3.0]
	at org.springframework.security.web.context.SecurityContextHolderFilter.doFilter(SecurityContextHolderFilter.java:82) ~[spring-security-web-6.3.0.jar:6.3.0]
	at org.springframework.security.web.context.SecurityContextHolderFilter.doFilter(SecurityContextHolderFilter.java:69) ~[spring-security-web-6.3.0.jar:6.3.0]
	at org.springframework.security.web.FilterChainProxy$VirtualFilterChain.doFilter(FilterChainProxy.java:374) ~[spring-security-web-6.3.0.jar:6.3.0]
	at org.springframework.security.web.context.request.async.WebAsyncManagerIntegrationFilter.doFilterInternal(WebAsyncManagerIntegrationFilter.java:62) ~[spring-security-web-6.3.0.jar:6.3.0]
	at org.springframework.web.filter.OncePerRequestFilter.doFilter(OncePerRequestFilter.java:116) ~[spring-web-6.1.8.jar:6.1.8]
	at org.springframework.security.web.FilterChainProxy$VirtualFilterChain.doFilter(FilterChainProxy.java:374) ~[spring-security-web-6.3.0.jar:6.3.0]
	at org.springframework.security.web.session.DisableEncodeUrlFilter.doFilterInternal(DisableEncodeUrlFilter.java:42) ~[spring-security-web-6.3.0.jar:6.3.0]
	at org.springframework.web.filter.OncePerRequestFilter.doFilter(OncePerRequestFilter.java:116) ~[spring-web-6.1.8.jar:6.1.8]
	at org.springframework.security.web.FilterChainProxy$VirtualFilterChain.doFilter(FilterChainProxy.java:374) ~[spring-security-web-6.3.0.jar:6.3.0]
	at org.springframework.security.web.FilterChainProxy.doFilterInternal(FilterChainProxy.java:233) ~[spring-security-web-6.3.0.jar:6.3.0]
	at org.springframework.security.web.FilterChainProxy.doFilter(FilterChainProxy.java:191) ~[spring-security-web-6.3.0.jar:6.3.0]
	at org.springframework.web.filter.CompositeFilter$VirtualFilterChain.doFilter(CompositeFilter.java:113) ~[spring-web-6.1.8.jar:6.1.8]
	at org.springframework.web.servlet.handler.HandlerMappingIntrospector.lambda$createCacheFilter$3(HandlerMappingIntrospector.java:195) ~[spring-webmvc-6.1.8.jar:6.1.8]
	at org.springframework.web.filter.CompositeFilter$VirtualFilterChain.doFilter(CompositeFilter.java:113) ~[spring-web-6.1.8.jar:6.1.8]
	at org.springframework.web.filter.CompositeFilter.doFilter(CompositeFilter.java:74) ~[spring-web-6.1.8.jar:6.1.8]
	at org.springframework.security.config.annotation.web.configuration.WebMvcSecurityConfiguration$CompositeFilterChainProxy.doFilter(WebMvcSecurityConfiguration.java:230) ~[spring-security-config-6.3.0.jar:6.3.0]
	at org.springframework.web.filter.DelegatingFilterProxy.invokeDelegate(DelegatingFilterProxy.java:352) ~[spring-web-6.1.8.jar:6.1.8]
	at org.springframework.web.filter.DelegatingFilterProxy.doFilter(DelegatingFilterProxy.java:268) ~[spring-web-6.1.8.jar:6.1.8]
	at org.apache.catalina.core.ApplicationFilterChain.internalDoFilter(ApplicationFilterChain.java:164) ~[tomcat-embed-core-10.1.24.jar:10.1.24]
	at org.apache.catalina.core.ApplicationFilterChain.doFilter(ApplicationFilterChain.java:140) ~[tomcat-embed-core-10.1.24.jar:10.1.24]
	at org.springframework.web.filter.RequestContextFilter.doFilterInternal(RequestContextFilter.java:100) ~[spring-web-6.1.8.jar:6.1.8]
	at org.springframework.web.filter.OncePerRequestFilter.doFilter(OncePerRequestFilter.java:116) ~[spring-web-6.1.8.jar:6.1.8]
	at org.apache.catalina.core.ApplicationFilterChain.internalDoFilter(ApplicationFilterChain.java:164) ~[tomcat-embed-core-10.1.24.jar:10.1.24]
	at org.apache.catalina.core.ApplicationFilterChain.doFilter(ApplicationFilterChain.java:140) ~[tomcat-embed-core-10.1.24.jar:10.1.24]
	at org.springframework.web.filter.FormContentFilter.doFilterInternal(FormContentFilter.java:93) ~[spring-web-6.1.8.jar:6.1.8]
	at org.springframework.web.filter.OncePerRequestFilter.doFilter(OncePerRequestFilter.java:116) ~[spring-web-6.1.8.jar:6.1.8]
	at org.apache.catalina.core.ApplicationFilterChain.internalDoFilter(ApplicationFilterChain.java:164) ~[tomcat-embed-core-10.1.24.jar:10.1.24]
	at org.apache.catalina.core.ApplicationFilterChain.doFilter(ApplicationFilterChain.java:140) ~[tomcat-embed-core-10.1.24.jar:10.1.24]
	at org.springframework.web.filter.CharacterEncodingFilter.doFilterInternal(CharacterEncodingFilter.java:201) ~[spring-web-6.1.8.jar:6.1.8]
	at org.springframework.web.filter.OncePerRequestFilter.doFilter(OncePerRequestFilter.java:116) ~[spring-web-6.1.8.jar:6.1.8]
	at org.apache.catalina.core.ApplicationFilterChain.internalDoFilter(ApplicationFilterChain.java:164) ~[tomcat-embed-core-10.1.24.jar:10.1.24]
	at org.apache.catalina.core.ApplicationFilterChain.doFilter(ApplicationFilterChain.java:140) ~[tomcat-embed-core-10.1.24.jar:10.1.24]
	at org.apache.catalina.core.StandardWrapperValve.invoke(StandardWrapperValve.java:167) ~[tomcat-embed-core-10.1.24.jar:10.1.24]
	at org.apache.catalina.core.StandardContextValve.invoke(StandardContextValve.java:90) ~[tomcat-embed-core-10.1.24.jar:10.1.24]
	at org.apache.catalina.authenticator.AuthenticatorBase.invoke(AuthenticatorBase.java:482) ~[tomcat-embed-core-10.1.24.jar:10.1.24]
	at org.apache.catalina.core.StandardHostValve.invoke(StandardHostValve.java:115) ~[tomcat-embed-core-10.1.24.jar:10.1.24]
	at org.apache.catalina.valves.ErrorReportValve.invoke(ErrorReportValve.java:93) ~[tomcat-embed-core-10.1.24.jar:10.1.24]
	at org.apache.catalina.core.StandardEngineValve.invoke(StandardEngineValve.java:74) ~[tomcat-embed-core-10.1.24.jar:10.1.24]
	at org.apache.catalina.connector.CoyoteAdapter.service(CoyoteAdapter.java:344) ~[tomcat-embed-core-10.1.24.jar:10.1.24]
	at org.apache.coyote.http11.Http11Processor.service(Http11Processor.java:389) ~[tomcat-embed-core-10.1.24.jar:10.1.24]
	at org.apache.coyote.AbstractProcessorLight.process(AbstractProcessorLight.java:63) ~[tomcat-embed-core-10.1.24.jar:10.1.24]
	at org.apache.coyote.AbstractProtocol$ConnectionHandler.process(AbstractProtocol.java:896) ~[tomcat-embed-core-10.1.24.jar:10.1.24]
	at org.apache.tomcat.util.net.NioEndpoint$SocketProcessor.doRun(NioEndpoint.java:1741) ~[tomcat-embed-core-10.1.24.jar:10.1.24]
	at org.apache.tomcat.util.net.SocketProcessorBase.run(SocketProcessorBase.java:52) ~[tomcat-embed-core-10.1.24.jar:10.1.24]
	at org.apache.tomcat.util.threads.ThreadPoolExecutor.runWorker(ThreadPoolExecutor.java:1190) ~[tomcat-embed-core-10.1.24.jar:10.1.24]
	at org.apache.tomcat.util.threads.ThreadPoolExecutor$Worker.run(ThreadPoolExecutor.java:659) ~[tomcat-embed-core-10.1.24.jar:10.1.24]
	at org.apache.tomcat.util.threads.TaskThread$WrappingRunnable.run(TaskThread.java:63) ~[tomcat-embed-core-10.1.24.jar:10.1.24]
	at java.base/java.lang.Thread.run(Thread.java:1570) ~[na:na]

2024-06-25T11:39:15.231+07:00 ERROR 8300 --- [hospital-app] [http-nio-8080-exec-5] c.b.jwt.JwtAuthenticationEntryPoint      : Unauthorized error: Full authentication is required to access this resource
2024-06-25T11:39:22.519+07:00  WARN 8300 --- [hospital-app] [http-nio-8080-exec-6] c.b.jwt.CustomJWTAuthenticationFilter    : JWT Token does not begin with Bearer String
2024-06-25T11:39:22.519+07:00  WARN 8300 --- [hospital-app] [http-nio-8080-exec-6] c.b.jwt.CustomJWTAuthenticationFilter    : Cannot set the Security Context
2024-06-25T11:39:22.951+07:00  INFO 8300 --- [hospital-app] [http-nio-8080-exec-6] com.bootcamp.jwt.JwtTokenUtil            : roles=[ROLE_ADMIN]
2024-06-25T11:39:22.951+07:00  INFO 8300 --- [hospital-app] [http-nio-8080-exec-6] com.bootcamp.jwt.JwtTokenUtil            : put isAdmin
2024-06-25T11:40:16.728+07:00  WARN 8300 --- [hospital-app] [http-nio-8080-exec-7] c.b.jwt.CustomJWTAuthenticationFilter    : JWT Token does not begin with Bearer String
2024-06-25T11:40:16.728+07:00  WARN 8300 --- [hospital-app] [http-nio-8080-exec-7] c.b.jwt.CustomJWTAuthenticationFilter    : Cannot set the Security Context
2024-06-25T11:40:16.730+07:00  INFO 8300 --- [hospital-app] [http-nio-8080-exec-7] c.bootcamp.controller.PasienController   : Menambahkan pasien baru: PasienRequest(namaPasien=kontol, umurPasien=11, alamatPasien=jakarta barat, penyakitId=1)
2024-06-25T11:40:16.731+07:00  INFO 8300 --- [hospital-app] [http-nio-8080-exec-7] c.b.s.penyakit.PenyakitServiceImpl       : Mencari penyakit dengan ID: 1
2024-06-25T11:40:16.736+07:00  INFO 8300 --- [hospital-app] [http-nio-8080-exec-7] c.b.service.pasien.PasienServiceImpl     : Menambahkan pasien baru: Pasien(idPasien=0, namaPasien=kontol, umurPasien=11, alamatPasien=jakarta barat, penyakit=Penyakit(idPenyakit=1, namaPenyakit=sakit hati, obat=Obat(idObat=1, namaObat=paramax, hargaObat=1000.0)))
2024-06-25T11:40:28.707+07:00  INFO 8300 --- [hospital-app] [http-nio-8080-exec-8] com.bootcamp.jwt.JwtTokenUtil            : claims: true,{},{}
2024-06-25T11:40:41.005+07:00  INFO 8300 --- [hospital-app] [http-nio-8080-exec-9] com.bootcamp.jwt.JwtTokenUtil            : claims: true,{},{}
2024-06-25T11:40:41.006+07:00  INFO 8300 --- [hospital-app] [http-nio-8080-exec-9] c.b.controller.PenangananController      : Mengambil semua catatan Obat
2024-06-25T11:40:49.019+07:00  INFO 8300 --- [hospital-app] [http-nio-8080-exec-10] com.bootcamp.jwt.JwtTokenUtil            : claims: true,{},{}
2024-06-25T11:41:02.527+07:00  INFO 8300 --- [hospital-app] [http-nio-8080-exec-1] com.bootcamp.jwt.JwtTokenUtil            : claims: true,{},{}
2024-06-25T11:41:33.096+07:00  INFO 8300 --- [hospital-app] [SpringApplicationShutdownHook] j.LocalContainerEntityManagerFactoryBean : Closing JPA EntityManagerFactory for persistence unit 'default'
2024-06-25T11:41:33.137+07:00  INFO 8300 --- [hospital-app] [SpringApplicationShutdownHook] com.zaxxer.hikari.HikariDataSource       : HikariPool-1 - Shutdown initiated...
2024-06-25T11:41:33.142+07:00  INFO 8300 --- [hospital-app] [SpringApplicationShutdownHook] com.zaxxer.hikari.HikariDataSource       : HikariPool-1 - Shutdown completed.
2024-06-25T11:48:57.517+07:00  INFO 4388 --- [hospital-app] [main] com.bootcamp.HospitalAppApplication      : Starting HospitalAppApplication using Java 22.0.1 with PID 4388 (C:\Users\Nikolaus Rio Saputra\Downloads\UTS Phincon Project\hospital-app\target\classes started by Nikolaus Rio Saputra in C:\Users\Nikolaus Rio Saputra\Downloads\UTS Phincon Project\hospital-app)
2024-06-25T11:48:57.519+07:00  INFO 4388 --- [hospital-app] [main] com.bootcamp.HospitalAppApplication      : No active profile set, falling back to 1 default profile: "default"
2024-06-25T11:48:58.260+07:00  INFO 4388 --- [hospital-app] [main] .s.d.r.c.RepositoryConfigurationDelegate : Bootstrapping Spring Data JPA repositories in DEFAULT mode.
2024-06-25T11:48:58.330+07:00  INFO 4388 --- [hospital-app] [main] .s.d.r.c.RepositoryConfigurationDelegate : Finished Spring Data repository scanning in 61 ms. Found 5 JPA repository interfaces.
2024-06-25T11:48:58.985+07:00  INFO 4388 --- [hospital-app] [main] o.s.b.w.embedded.tomcat.TomcatWebServer  : Tomcat initialized with port 8080 (http)
2024-06-25T11:48:58.998+07:00  INFO 4388 --- [hospital-app] [main] o.apache.catalina.core.StandardService   : Starting service [Tomcat]
2024-06-25T11:48:58.998+07:00  INFO 4388 --- [hospital-app] [main] o.apache.catalina.core.StandardEngine    : Starting Servlet engine: [Apache Tomcat/10.1.24]
2024-06-25T11:48:59.056+07:00  INFO 4388 --- [hospital-app] [main] o.a.c.c.C.[Tomcat].[localhost].[/]       : Initializing Spring embedded WebApplicationContext
2024-06-25T11:48:59.056+07:00  INFO 4388 --- [hospital-app] [main] w.s.c.ServletWebServerApplicationContext : Root WebApplicationContext: initialization completed in 1494 ms
2024-06-25T11:48:59.264+07:00  INFO 4388 --- [hospital-app] [main] o.hibernate.jpa.internal.util.LogHelper  : HHH000204: Processing PersistenceUnitInfo [name: default]
2024-06-25T11:48:59.324+07:00  INFO 4388 --- [hospital-app] [main] org.hibernate.Version                    : HHH000412: Hibernate ORM core version 6.5.2.Final
2024-06-25T11:48:59.360+07:00  INFO 4388 --- [hospital-app] [main] o.h.c.internal.RegionFactoryInitiator    : HHH000026: Second-level cache disabled
2024-06-25T11:48:59.614+07:00  INFO 4388 --- [hospital-app] [main] o.s.o.j.p.SpringPersistenceUnitInfo      : No LoadTimeWeaver setup: ignoring JPA class transformer
2024-06-25T11:48:59.638+07:00  INFO 4388 --- [hospital-app] [main] com.zaxxer.hikari.HikariDataSource       : HikariPool-1 - Starting...
2024-06-25T11:48:59.787+07:00  INFO 4388 --- [hospital-app] [main] com.zaxxer.hikari.pool.HikariPool        : HikariPool-1 - Added connection org.postgresql.jdbc.PgConnection@48368a08
2024-06-25T11:48:59.789+07:00  INFO 4388 --- [hospital-app] [main] com.zaxxer.hikari.HikariDataSource       : HikariPool-1 - Start completed.
2024-06-25T11:48:59.815+07:00  WARN 4388 --- [hospital-app] [main] org.hibernate.orm.deprecation            : HHH90000025: PostgreSQLDialect does not need to be specified explicitly using 'hibernate.dialect' (remove the property setting and it will be selected by default)
2024-06-25T11:49:00.746+07:00  INFO 4388 --- [hospital-app] [main] o.h.e.t.j.p.i.JtaPlatformInitiator       : HHH000489: No JTA platform available (set 'hibernate.transaction.jta.platform' to enable JTA platform integration)
2024-06-25T11:49:00.763+07:00  WARN 4388 --- [hospital-app] [main] o.h.engine.jdbc.spi.SqlExceptionHelper   : SQL Warning Code: 0, SQLState: 00000
2024-06-25T11:49:00.763+07:00  WARN 4388 --- [hospital-app] [main] o.h.engine.jdbc.spi.SqlExceptionHelper   : relation "pasien" does not exist, skipping
2024-06-25T11:49:00.764+07:00  WARN 4388 --- [hospital-app] [main] o.h.engine.jdbc.spi.SqlExceptionHelper   : SQL Warning Code: 0, SQLState: 00000
2024-06-25T11:49:00.764+07:00  WARN 4388 --- [hospital-app] [main] o.h.engine.jdbc.spi.SqlExceptionHelper   : relation "penanganan" does not exist, skipping
2024-06-25T11:49:00.765+07:00  WARN 4388 --- [hospital-app] [main] o.h.engine.jdbc.spi.SqlExceptionHelper   : SQL Warning Code: 0, SQLState: 00000
2024-06-25T11:49:00.765+07:00  WARN 4388 --- [hospital-app] [main] o.h.engine.jdbc.spi.SqlExceptionHelper   : relation "penanganan" does not exist, skipping
2024-06-25T11:49:00.765+07:00  WARN 4388 --- [hospital-app] [main] o.h.engine.jdbc.spi.SqlExceptionHelper   : SQL Warning Code: 0, SQLState: 00000
2024-06-25T11:49:00.766+07:00  WARN 4388 --- [hospital-app] [main] o.h.engine.jdbc.spi.SqlExceptionHelper   : relation "penanganan_penyakit" does not exist, skipping
2024-06-25T11:49:00.766+07:00  WARN 4388 --- [hospital-app] [main] o.h.engine.jdbc.spi.SqlExceptionHelper   : SQL Warning Code: 0, SQLState: 00000
2024-06-25T11:49:00.766+07:00  WARN 4388 --- [hospital-app] [main] o.h.engine.jdbc.spi.SqlExceptionHelper   : relation "penanganan_penyakit" does not exist, skipping
2024-06-25T11:49:00.767+07:00  WARN 4388 --- [hospital-app] [main] o.h.engine.jdbc.spi.SqlExceptionHelper   : SQL Warning Code: 0, SQLState: 00000
2024-06-25T11:49:00.767+07:00  WARN 4388 --- [hospital-app] [main] o.h.engine.jdbc.spi.SqlExceptionHelper   : relation "penyakit" does not exist, skipping
2024-06-25T11:49:00.768+07:00  WARN 4388 --- [hospital-app] [main] o.h.engine.jdbc.spi.SqlExceptionHelper   : SQL Warning Code: 0, SQLState: 00000
2024-06-25T11:49:00.768+07:00  WARN 4388 --- [hospital-app] [main] o.h.engine.jdbc.spi.SqlExceptionHelper   : table "dokter" does not exist, skipping
2024-06-25T11:49:00.768+07:00  WARN 4388 --- [hospital-app] [main] o.h.engine.jdbc.spi.SqlExceptionHelper   : SQL Warning Code: 0, SQLState: 00000
2024-06-25T11:49:00.769+07:00  WARN 4388 --- [hospital-app] [main] o.h.engine.jdbc.spi.SqlExceptionHelper   : table "obat" does not exist, skipping
2024-06-25T11:49:00.769+07:00  WARN 4388 --- [hospital-app] [main] o.h.engine.jdbc.spi.SqlExceptionHelper   : SQL Warning Code: 0, SQLState: 00000
2024-06-25T11:49:00.769+07:00  WARN 4388 --- [hospital-app] [main] o.h.engine.jdbc.spi.SqlExceptionHelper   : table "pasien" does not exist, skipping
2024-06-25T11:49:00.770+07:00  WARN 4388 --- [hospital-app] [main] o.h.engine.jdbc.spi.SqlExceptionHelper   : SQL Warning Code: 0, SQLState: 00000
2024-06-25T11:49:00.770+07:00  WARN 4388 --- [hospital-app] [main] o.h.engine.jdbc.spi.SqlExceptionHelper   : table "penanganan" does not exist, skipping
2024-06-25T11:49:00.770+07:00  WARN 4388 --- [hospital-app] [main] o.h.engine.jdbc.spi.SqlExceptionHelper   : SQL Warning Code: 0, SQLState: 00000
2024-06-25T11:49:00.771+07:00  WARN 4388 --- [hospital-app] [main] o.h.engine.jdbc.spi.SqlExceptionHelper   : table "penanganan_penyakit" does not exist, skipping
2024-06-25T11:49:00.771+07:00  WARN 4388 --- [hospital-app] [main] o.h.engine.jdbc.spi.SqlExceptionHelper   : SQL Warning Code: 0, SQLState: 00000
2024-06-25T11:49:00.771+07:00  WARN 4388 --- [hospital-app] [main] o.h.engine.jdbc.spi.SqlExceptionHelper   : table "penyakit" does not exist, skipping
2024-06-25T11:49:00.834+07:00  INFO 4388 --- [hospital-app] [main] j.LocalContainerEntityManagerFactoryBean : Initialized JPA EntityManagerFactory for persistence unit 'default'
2024-06-25T11:49:01.169+07:00  INFO 4388 --- [hospital-app] [main] eAuthenticationProviderManagerConfigurer : Global AuthenticationManager configured with AuthenticationProvider bean with name authenticationProvider
2024-06-25T11:49:01.171+07:00  WARN 4388 --- [hospital-app] [main] r$InitializeUserDetailsManagerConfigurer : Global AuthenticationManager configured with an AuthenticationProvider bean. UserDetailsService beans will not be used for username/password login. Consider removing the AuthenticationProvider bean. Alternatively, consider using the UserDetailsService in a manually instantiated DaoAuthenticationProvider.
2024-06-25T11:49:01.343+07:00  WARN 4388 --- [hospital-app] [main] JpaBaseConfiguration$JpaWebConfiguration : spring.jpa.open-in-view is enabled by default. Therefore, database queries may be performed during view rendering. Explicitly configure spring.jpa.open-in-view to disable this warning
2024-06-25T11:49:01.696+07:00  INFO 4388 --- [hospital-app] [main] o.s.s.web.DefaultSecurityFilterChain     : Will secure any request with [org.springframework.security.web.session.DisableEncodeUrlFilter@5935eb9c, org.springframework.security.web.context.request.async.WebAsyncManagerIntegrationFilter@fc6cac6, org.springframework.security.web.context.SecurityContextHolderFilter@634d56eb, org.springframework.security.web.header.HeaderWriterFilter@5bbb0a25, org.springframework.web.filter.CorsFilter@538d2308, org.springframework.security.web.authentication.logout.LogoutFilter@2c5b4b91, com.bootcamp.jwt.CustomJWTAuthenticationFilter@642ee49c, org.springframework.security.web.savedrequest.RequestCacheAwareFilter@22b4ad0c, org.springframework.security.web.servletapi.SecurityContextHolderAwareRequestFilter@d827673, org.springframework.security.web.authentication.AnonymousAuthenticationFilter@3d0697da, org.springframework.security.web.session.SessionManagementFilter@44846c76, org.springframework.security.web.access.ExceptionTranslationFilter@5692863, org.springframework.security.web.access.intercept.AuthorizationFilter@61a17f3]
2024-06-25T11:49:01.943+07:00  INFO 4388 --- [hospital-app] [main] o.s.b.w.embedded.tomcat.TomcatWebServer  : Tomcat started on port 8080 (http) with context path '/'
2024-06-25T11:49:01.954+07:00  INFO 4388 --- [hospital-app] [main] com.bootcamp.HospitalAppApplication      : Started HospitalAppApplication in 4.958 seconds (process running for 5.34)
2024-06-25T11:52:17.706+07:00  INFO 4388 --- [hospital-app] [http-nio-8080-exec-1] o.a.c.c.C.[Tomcat].[localhost].[/]       : Initializing Spring DispatcherServlet 'dispatcherServlet'
2024-06-25T11:52:17.706+07:00  INFO 4388 --- [hospital-app] [http-nio-8080-exec-1] o.s.web.servlet.DispatcherServlet        : Initializing Servlet 'dispatcherServlet'
2024-06-25T11:52:17.708+07:00  INFO 4388 --- [hospital-app] [http-nio-8080-exec-1] o.s.web.servlet.DispatcherServlet        : Completed initialization in 2 ms
2024-06-25T11:52:17.741+07:00  WARN 4388 --- [hospital-app] [http-nio-8080-exec-1] c.b.jwt.CustomJWTAuthenticationFilter    : JWT Token does not begin with Bearer String
2024-06-25T11:52:17.743+07:00  WARN 4388 --- [hospital-app] [http-nio-8080-exec-1] c.b.jwt.CustomJWTAuthenticationFilter    : Cannot set the Security Context
2024-06-25T11:52:17.956+07:00  INFO 4388 --- [hospital-app] [http-nio-8080-exec-1] com.bootcamp.controller.ObatController   : Menambahkan obat baru: Obat(idObat=null, namaObat=paramax, hargaObat=1000.0)
2024-06-25T11:52:17.969+07:00  INFO 4388 --- [hospital-app] [http-nio-8080-exec-1] c.bootcamp.service.obat.ObatServiceImpl  : Menambahkan dokter baru: Obat(idObat=null, namaObat=paramax, hargaObat=1000.0)
2024-06-25T11:52:18.084+07:00  INFO 4388 --- [hospital-app] [http-nio-8080-exec-1] com.bootcamp.controller.ObatController   : Obat baru berhasil ditambahkan dengan Id: 1
2024-06-25T11:52:27.388+07:00  INFO 4388 --- [hospital-app] [SpringApplicationShutdownHook] j.LocalContainerEntityManagerFactoryBean : Closing JPA EntityManagerFactory for persistence unit 'default'
2024-06-25T11:52:27.421+07:00  INFO 4388 --- [hospital-app] [SpringApplicationShutdownHook] com.zaxxer.hikari.HikariDataSource       : HikariPool-1 - Shutdown initiated...
2024-06-25T11:52:27.423+07:00  INFO 4388 --- [hospital-app] [SpringApplicationShutdownHook] com.zaxxer.hikari.HikariDataSource       : HikariPool-1 - Shutdown completed.
2024-06-25T20:12:51.928+07:00  INFO 14064 --- [hospital-app] [main] com.bootcamp.HospitalAppApplication      : Starting HospitalAppApplication using Java 22.0.1 with PID 14064 (C:\Users\Nikolaus Rio Saputra\Downloads\UTS Phincon Project\hospital-app\target\classes started by Nikolaus Rio Saputra in C:\Users\Nikolaus Rio Saputra\Downloads\UTS Phincon Project\hospital-app)
2024-06-25T20:12:51.936+07:00  INFO 14064 --- [hospital-app] [main] com.bootcamp.HospitalAppApplication      : No active profile set, falling back to 1 default profile: "default"
2024-06-25T20:12:53.434+07:00  INFO 14064 --- [hospital-app] [main] .s.d.r.c.RepositoryConfigurationDelegate : Bootstrapping Spring Data JPA repositories in DEFAULT mode.
2024-06-25T20:12:53.539+07:00  INFO 14064 --- [hospital-app] [main] .s.d.r.c.RepositoryConfigurationDelegate : Finished Spring Data repository scanning in 91 ms. Found 5 JPA repository interfaces.
2024-06-25T20:12:54.464+07:00  INFO 14064 --- [hospital-app] [main] o.s.b.w.embedded.tomcat.TomcatWebServer  : Tomcat initialized with port 8080 (http)
2024-06-25T20:12:54.480+07:00  INFO 14064 --- [hospital-app] [main] o.apache.catalina.core.StandardService   : Starting service [Tomcat]
2024-06-25T20:12:54.480+07:00  INFO 14064 --- [hospital-app] [main] o.apache.catalina.core.StandardEngine    : Starting Servlet engine: [Apache Tomcat/10.1.24]
2024-06-25T20:12:54.623+07:00  INFO 14064 --- [hospital-app] [main] o.a.c.c.C.[Tomcat].[localhost].[/]       : Initializing Spring embedded WebApplicationContext
2024-06-25T20:12:54.625+07:00  INFO 14064 --- [hospital-app] [main] w.s.c.ServletWebServerApplicationContext : Root WebApplicationContext: initialization completed in 2644 ms
2024-06-25T20:12:54.953+07:00  INFO 14064 --- [hospital-app] [main] o.hibernate.jpa.internal.util.LogHelper  : HHH000204: Processing PersistenceUnitInfo [name: default]
2024-06-25T20:12:55.053+07:00  INFO 14064 --- [hospital-app] [main] org.hibernate.Version                    : HHH000412: Hibernate ORM core version 6.5.2.Final
2024-06-25T20:12:55.101+07:00  INFO 14064 --- [hospital-app] [main] o.h.c.internal.RegionFactoryInitiator    : HHH000026: Second-level cache disabled
2024-06-25T20:12:55.577+07:00  INFO 14064 --- [hospital-app] [main] o.s.o.j.p.SpringPersistenceUnitInfo      : No LoadTimeWeaver setup: ignoring JPA class transformer
2024-06-25T20:12:55.626+07:00  INFO 14064 --- [hospital-app] [main] com.zaxxer.hikari.HikariDataSource       : HikariPool-1 - Starting...
2024-06-25T20:12:55.884+07:00  INFO 14064 --- [hospital-app] [main] com.zaxxer.hikari.pool.HikariPool        : HikariPool-1 - Added connection org.postgresql.jdbc.PgConnection@5ef2cbe6
2024-06-25T20:12:55.884+07:00  INFO 14064 --- [hospital-app] [main] com.zaxxer.hikari.HikariDataSource       : HikariPool-1 - Start completed.
2024-06-25T20:12:55.940+07:00  WARN 14064 --- [hospital-app] [main] org.hibernate.orm.deprecation            : HHH90000025: PostgreSQLDialect does not need to be specified explicitly using 'hibernate.dialect' (remove the property setting and it will be selected by default)
2024-06-25T20:12:57.233+07:00  INFO 14064 --- [hospital-app] [main] o.h.e.t.j.p.i.JtaPlatformInitiator       : HHH000489: No JTA platform available (set 'hibernate.transaction.jta.platform' to enable JTA platform integration)
2024-06-25T20:12:57.257+07:00  WARN 14064 --- [hospital-app] [main] o.h.engine.jdbc.spi.SqlExceptionHelper   : SQL Warning Code: 0, SQLState: 00000
2024-06-25T20:12:57.257+07:00  WARN 14064 --- [hospital-app] [main] o.h.engine.jdbc.spi.SqlExceptionHelper   : relation "pasien" does not exist, skipping
2024-06-25T20:12:57.257+07:00  WARN 14064 --- [hospital-app] [main] o.h.engine.jdbc.spi.SqlExceptionHelper   : SQL Warning Code: 0, SQLState: 00000
2024-06-25T20:12:57.257+07:00  WARN 14064 --- [hospital-app] [main] o.h.engine.jdbc.spi.SqlExceptionHelper   : relation "penanganan" does not exist, skipping
2024-06-25T20:12:57.257+07:00  WARN 14064 --- [hospital-app] [main] o.h.engine.jdbc.spi.SqlExceptionHelper   : SQL Warning Code: 0, SQLState: 00000
2024-06-25T20:12:57.257+07:00  WARN 14064 --- [hospital-app] [main] o.h.engine.jdbc.spi.SqlExceptionHelper   : relation "penanganan" does not exist, skipping
2024-06-25T20:12:57.257+07:00  WARN 14064 --- [hospital-app] [main] o.h.engine.jdbc.spi.SqlExceptionHelper   : SQL Warning Code: 0, SQLState: 00000
2024-06-25T20:12:57.257+07:00  WARN 14064 --- [hospital-app] [main] o.h.engine.jdbc.spi.SqlExceptionHelper   : relation "penanganan_penyakit" does not exist, skipping
2024-06-25T20:12:57.257+07:00  WARN 14064 --- [hospital-app] [main] o.h.engine.jdbc.spi.SqlExceptionHelper   : SQL Warning Code: 0, SQLState: 00000
2024-06-25T20:12:57.257+07:00  WARN 14064 --- [hospital-app] [main] o.h.engine.jdbc.spi.SqlExceptionHelper   : relation "penanganan_penyakit" does not exist, skipping
2024-06-25T20:12:57.257+07:00  WARN 14064 --- [hospital-app] [main] o.h.engine.jdbc.spi.SqlExceptionHelper   : SQL Warning Code: 0, SQLState: 00000
2024-06-25T20:12:57.257+07:00  WARN 14064 --- [hospital-app] [main] o.h.engine.jdbc.spi.SqlExceptionHelper   : relation "penyakit" does not exist, skipping
2024-06-25T20:12:57.257+07:00  WARN 14064 --- [hospital-app] [main] o.h.engine.jdbc.spi.SqlExceptionHelper   : SQL Warning Code: 0, SQLState: 00000
2024-06-25T20:12:57.257+07:00  WARN 14064 --- [hospital-app] [main] o.h.engine.jdbc.spi.SqlExceptionHelper   : table "dokter" does not exist, skipping
2024-06-25T20:12:57.257+07:00  WARN 14064 --- [hospital-app] [main] o.h.engine.jdbc.spi.SqlExceptionHelper   : SQL Warning Code: 0, SQLState: 00000
2024-06-25T20:12:57.257+07:00  WARN 14064 --- [hospital-app] [main] o.h.engine.jdbc.spi.SqlExceptionHelper   : table "obat" does not exist, skipping
2024-06-25T20:12:57.257+07:00  WARN 14064 --- [hospital-app] [main] o.h.engine.jdbc.spi.SqlExceptionHelper   : SQL Warning Code: 0, SQLState: 00000
2024-06-25T20:12:57.257+07:00  WARN 14064 --- [hospital-app] [main] o.h.engine.jdbc.spi.SqlExceptionHelper   : table "pasien" does not exist, skipping
2024-06-25T20:12:57.257+07:00  WARN 14064 --- [hospital-app] [main] o.h.engine.jdbc.spi.SqlExceptionHelper   : SQL Warning Code: 0, SQLState: 00000
2024-06-25T20:12:57.257+07:00  WARN 14064 --- [hospital-app] [main] o.h.engine.jdbc.spi.SqlExceptionHelper   : table "penanganan" does not exist, skipping
2024-06-25T20:12:57.257+07:00  WARN 14064 --- [hospital-app] [main] o.h.engine.jdbc.spi.SqlExceptionHelper   : SQL Warning Code: 0, SQLState: 00000
2024-06-25T20:12:57.257+07:00  WARN 14064 --- [hospital-app] [main] o.h.engine.jdbc.spi.SqlExceptionHelper   : table "penanganan_penyakit" does not exist, skipping
2024-06-25T20:12:57.265+07:00  WARN 14064 --- [hospital-app] [main] o.h.engine.jdbc.spi.SqlExceptionHelper   : SQL Warning Code: 0, SQLState: 00000
2024-06-25T20:12:57.265+07:00  WARN 14064 --- [hospital-app] [main] o.h.engine.jdbc.spi.SqlExceptionHelper   : table "penyakit" does not exist, skipping
2024-06-25T20:12:57.322+07:00  INFO 14064 --- [hospital-app] [main] j.LocalContainerEntityManagerFactoryBean : Initialized JPA EntityManagerFactory for persistence unit 'default'
2024-06-25T20:12:57.747+07:00  INFO 14064 --- [hospital-app] [main] eAuthenticationProviderManagerConfigurer : Global AuthenticationManager configured with AuthenticationProvider bean with name authenticationProvider
2024-06-25T20:12:57.747+07:00  WARN 14064 --- [hospital-app] [main] r$InitializeUserDetailsManagerConfigurer : Global AuthenticationManager configured with an AuthenticationProvider bean. UserDetailsService beans will not be used for username/password login. Consider removing the AuthenticationProvider bean. Alternatively, consider using the UserDetailsService in a manually instantiated DaoAuthenticationProvider.
2024-06-25T20:12:57.987+07:00  WARN 14064 --- [hospital-app] [main] JpaBaseConfiguration$JpaWebConfiguration : spring.jpa.open-in-view is enabled by default. Therefore, database queries may be performed during view rendering. Explicitly configure spring.jpa.open-in-view to disable this warning
2024-06-25T20:12:58.372+07:00  INFO 14064 --- [hospital-app] [main] o.s.s.web.DefaultSecurityFilterChain     : Will secure any request with [org.springframework.security.web.session.DisableEncodeUrlFilter@7af2ee23, org.springframework.security.web.context.request.async.WebAsyncManagerIntegrationFilter@5d10e2b6, org.springframework.security.web.context.SecurityContextHolderFilter@46baac0d, org.springframework.security.web.header.HeaderWriterFilter@6c120b00, org.springframework.web.filter.CorsFilter@267309f7, org.springframework.security.web.authentication.logout.LogoutFilter@1ced1d14, com.bootcamp.jwt.CustomJWTAuthenticationFilter@5a97b17c, org.springframework.security.web.savedrequest.RequestCacheAwareFilter@3358805a, org.springframework.security.web.servletapi.SecurityContextHolderAwareRequestFilter@3ae91bcc, org.springframework.security.web.authentication.AnonymousAuthenticationFilter@46878216, org.springframework.security.web.session.SessionManagementFilter@2ca464bb, org.springframework.security.web.access.ExceptionTranslationFilter@2eb0932c, org.springframework.security.web.access.intercept.AuthorizationFilter@e353e1d]
2024-06-25T20:12:58.661+07:00  INFO 14064 --- [hospital-app] [main] o.s.b.w.embedded.tomcat.TomcatWebServer  : Tomcat started on port 8080 (http) with context path '/'
2024-06-25T20:12:58.669+07:00  INFO 14064 --- [hospital-app] [main] com.bootcamp.HospitalAppApplication      : Started HospitalAppApplication in 7.42 seconds (process running for 11.065)
2024-06-25T20:20:28.427+07:00  INFO 14064 --- [hospital-app] [SpringApplicationShutdownHook] j.LocalContainerEntityManagerFactoryBean : Closing JPA EntityManagerFactory for persistence unit 'default'
2024-06-25T20:20:28.458+07:00  INFO 14064 --- [hospital-app] [SpringApplicationShutdownHook] com.zaxxer.hikari.HikariDataSource       : HikariPool-1 - Shutdown initiated...
2024-06-25T20:20:28.458+07:00  INFO 14064 --- [hospital-app] [SpringApplicationShutdownHook] com.zaxxer.hikari.HikariDataSource       : HikariPool-1 - Shutdown completed.
